<?xml version="1.0" encoding="UTF-8"?>
<testsuite name="com.jojoldu.book.springboot.web.HelloControllerTest" tests="2" skipped="0" failures="0" errors="0" timestamp="2023-09-03T06:09:32" hostname="WIN-HTPG37F530M" time="0.18">
  <properties/>
  <testcase name="helloDto_return" classname="com.jojoldu.book.springboot.web.HelloControllerTest" time="0.168"/>
  <testcase name="hello_returns" classname="com.jojoldu.book.springboot.web.HelloControllerTest" time="0.011"/>
  <system-out><![CDATA[2023-09-03 15:09:31.440  INFO 14792 --- [    Test worker] .b.t.a.w.s.WebMvcTestContextBootstrapper : Neither @ContextConfiguration nor @ContextHierarchy found for test class [com.jojoldu.book.springboot.web.HelloControllerTest], using SpringBootContextLoader
2023-09-03 15:09:31.441  INFO 14792 --- [    Test worker] o.s.t.c.support.AbstractContextLoader    : Could not detect default resource locations for test class [com.jojoldu.book.springboot.web.HelloControllerTest]: no resource found for suffixes {-context.xml, Context.groovy}.
2023-09-03 15:09:31.442  INFO 14792 --- [    Test worker] t.c.s.AnnotationConfigContextLoaderUtils : Could not detect default configuration classes for test class [com.jojoldu.book.springboot.web.HelloControllerTest]: HelloControllerTest does not declare any static, non-private, non-final, nested classes annotated with @Configuration.
2023-09-03 15:09:31.470  INFO 14792 --- [    Test worker] .b.t.c.SpringBootTestContextBootstrapper : Found @SpringBootConfiguration com.jojoldu.book.springboot.Application for test class com.jojoldu.book.springboot.web.HelloControllerTest
2023-09-03 15:09:31.471  INFO 14792 --- [    Test worker] .b.t.a.w.s.WebMvcTestContextBootstrapper : Loaded default TestExecutionListener class names from location [META-INF/spring.factories]: [org.springframework.security.test.context.support.WithSecurityContextTestExecutionListener, org.springframework.security.test.context.support.ReactorContextTestExecutionListener, org.springframework.boot.test.autoconfigure.restdocs.RestDocsTestExecutionListener, org.springframework.boot.test.autoconfigure.web.client.MockRestServiceServerResetTestExecutionListener, org.springframework.boot.test.autoconfigure.web.servlet.MockMvcPrintOnlyOnFailureTestExecutionListener, org.springframework.boot.test.autoconfigure.web.servlet.WebDriverTestExecutionListener, org.springframework.boot.test.mock.mockito.MockitoTestExecutionListener, org.springframework.boot.test.mock.mockito.ResetMocksTestExecutionListener, org.springframework.test.context.web.ServletTestExecutionListener, org.springframework.test.context.support.DirtiesContextBeforeModesTestExecutionListener, org.springframework.test.context.support.DependencyInjectionTestExecutionListener, org.springframework.test.context.support.DirtiesContextTestExecutionListener, org.springframework.test.context.transaction.TransactionalTestExecutionListener, org.springframework.test.context.jdbc.SqlScriptsTestExecutionListener]
2023-09-03 15:09:31.472  INFO 14792 --- [    Test worker] .b.t.a.w.s.WebMvcTestContextBootstrapper : Using TestExecutionListeners: [org.springframework.test.context.web.ServletTestExecutionListener@125d1c79, org.springframework.test.context.support.DirtiesContextBeforeModesTestExecutionListener@2cc09abd, org.springframework.boot.test.mock.mockito.MockitoTestExecutionListener@769647c2, org.springframework.boot.test.autoconfigure.SpringBootDependencyInjectionTestExecutionListener@505c70c1, org.springframework.test.context.support.DirtiesContextTestExecutionListener@2a180067, org.springframework.test.context.transaction.TransactionalTestExecutionListener@22562eb, org.springframework.test.context.jdbc.SqlScriptsTestExecutionListener@46499d3a, org.springframework.security.test.context.support.WithSecurityContextTestExecutionListener@75a0274a, org.springframework.security.test.context.support.ReactorContextTestExecutionListener@1f511aa1, org.springframework.boot.test.autoconfigure.restdocs.RestDocsTestExecutionListener@364a119a, org.springframework.boot.test.autoconfigure.web.client.MockRestServiceServerResetTestExecutionListener@3c60fa24, org.springframework.boot.test.autoconfigure.web.servlet.MockMvcPrintOnlyOnFailureTestExecutionListener@480e0095, org.springframework.boot.test.autoconfigure.web.servlet.WebDriverTestExecutionListener@5f1d9f27, org.springframework.boot.test.mock.mockito.ResetMocksTestExecutionListener@39bd839f]

  .   ____          _            __ _ _
 /\\ / ___'_ __ _ _(_)_ __  __ _ \ \ \ \
( ( )\___ | '_ | '_| | '_ \/ _` | \ \ \ \
 \\/  ___)| |_)| | | | | || (_| |  ) ) ) )
  '  |____| .__|_| |_|_| |_\__, | / / / /
 =========|_|==============|___/=/_/_/_/
 :: Spring Boot ::        (v2.1.7.RELEASE)

2023-09-03 15:09:31.511  INFO 14792 --- [    Test worker] c.j.b.s.web.HelloControllerTest          : Starting HelloControllerTest on WIN-HTPG37F530M with PID 14792 (started by 82109 in C:\Users\82109\IdeaProjects\startsweb)
2023-09-03 15:09:31.512  INFO 14792 --- [    Test worker] c.j.b.s.web.HelloControllerTest          : No active profile set, falling back to default profiles: default
2023-09-03 15:09:31.968  INFO 14792 --- [    Test worker] o.s.s.concurrent.ThreadPoolTaskExecutor  : Initializing ExecutorService 'applicationTaskExecutor'
2023-09-03 15:09:31.998  INFO 14792 --- [    Test worker] o.s.b.a.w.s.WelcomePageHandlerMapping    : Adding welcome page template: index
2023-09-03 15:09:32.178  INFO 14792 --- [    Test worker] .s.s.UserDetailsServiceAutoConfiguration : 

Using generated security password: ab5e2d70-c4b0-4e07-9b81-c606a1f6caa9

2023-09-03 15:09:32.264  INFO 14792 --- [    Test worker] o.s.s.web.DefaultSecurityFilterChain     : Creating filter chain: any request, [org.springframework.security.web.context.request.async.WebAsyncManagerIntegrationFilter@61e87938, org.springframework.security.web.context.SecurityContextPersistenceFilter@4285404a, org.springframework.security.web.header.HeaderWriterFilter@2e65a6ea, org.springframework.security.web.csrf.CsrfFilter@bcc95aa, org.springframework.security.web.authentication.logout.LogoutFilter@11b24a10, org.springframework.security.web.authentication.UsernamePasswordAuthenticationFilter@4164b8aa, org.springframework.security.web.authentication.ui.DefaultLoginPageGeneratingFilter@30fee9f1, org.springframework.security.web.authentication.ui.DefaultLogoutPageGeneratingFilter@7ad6aa17, org.springframework.security.web.authentication.www.BasicAuthenticationFilter@5116bdbb, org.springframework.security.web.savedrequest.RequestCacheAwareFilter@2ae75381, org.springframework.security.web.servletapi.SecurityContextHolderAwareRequestFilter@29b6f2c1, org.springframework.security.web.authentication.AnonymousAuthenticationFilter@1ec93b93, org.springframework.security.web.session.SessionManagementFilter@416b0749, org.springframework.security.web.access.ExceptionTranslationFilter@5a06418a, org.springframework.security.web.access.intercept.FilterSecurityInterceptor@299b3ec7]
2023-09-03 15:09:32.302  INFO 14792 --- [    Test worker] o.s.b.t.m.w.SpringBootMockServletContext : Initializing Spring TestDispatcherServlet ''
2023-09-03 15:09:32.303  INFO 14792 --- [    Test worker] o.s.t.web.servlet.TestDispatcherServlet  : Initializing Servlet ''
2023-09-03 15:09:32.315  INFO 14792 --- [    Test worker] o.s.t.web.servlet.TestDispatcherServlet  : Completed initialization in 12 ms
2023-09-03 15:09:32.343  INFO 14792 --- [    Test worker] c.j.b.s.web.HelloControllerTest          : Started HelloControllerTest in 0.861 seconds (JVM running for 9.904)
]]></system-out>
  <system-err><![CDATA[]]></system-err>
</testsuite>
