<?xml version="1.0" encoding="UTF-8"?>
<testsuite name="com.jojoldu.book.springboot.web.IndexControllerTest" tests="1" skipped="0" failures="0" errors="0" timestamp="2023-08-25T03:32:41" hostname="WIN-HTPG37F530M" time="0.125">
  <properties/>
  <testcase name="메인페이지_로딩" classname="com.jojoldu.book.springboot.web.IndexControllerTest" time="0.125"/>
  <system-out><![CDATA[2023-08-25 12:32:39.660  INFO 18096 --- [    Test worker] .b.t.c.SpringBootTestContextBootstrapper : Neither @ContextConfiguration nor @ContextHierarchy found for test class [com.jojoldu.book.springboot.web.IndexControllerTest], using SpringBootContextLoader
2023-08-25 12:32:39.660  INFO 18096 --- [    Test worker] o.s.t.c.support.AbstractContextLoader    : Could not detect default resource locations for test class [com.jojoldu.book.springboot.web.IndexControllerTest]: no resource found for suffixes {-context.xml, Context.groovy}.
2023-08-25 12:32:39.661  INFO 18096 --- [    Test worker] t.c.s.AnnotationConfigContextLoaderUtils : Could not detect default configuration classes for test class [com.jojoldu.book.springboot.web.IndexControllerTest]: IndexControllerTest does not declare any static, non-private, non-final, nested classes annotated with @Configuration.
2023-08-25 12:32:39.661  INFO 18096 --- [    Test worker] .b.t.c.SpringBootTestContextBootstrapper : Found @SpringBootConfiguration com.jojoldu.book.springboot.Application for test class com.jojoldu.book.springboot.web.IndexControllerTest
2023-08-25 12:32:39.662  INFO 18096 --- [    Test worker] .b.t.c.SpringBootTestContextBootstrapper : Loaded default TestExecutionListener class names from location [META-INF/spring.factories]: [org.springframework.security.test.context.support.WithSecurityContextTestExecutionListener, org.springframework.security.test.context.support.ReactorContextTestExecutionListener, org.springframework.boot.test.autoconfigure.restdocs.RestDocsTestExecutionListener, org.springframework.boot.test.autoconfigure.web.client.MockRestServiceServerResetTestExecutionListener, org.springframework.boot.test.autoconfigure.web.servlet.MockMvcPrintOnlyOnFailureTestExecutionListener, org.springframework.boot.test.autoconfigure.web.servlet.WebDriverTestExecutionListener, org.springframework.boot.test.mock.mockito.MockitoTestExecutionListener, org.springframework.boot.test.mock.mockito.ResetMocksTestExecutionListener, org.springframework.test.context.web.ServletTestExecutionListener, org.springframework.test.context.support.DirtiesContextBeforeModesTestExecutionListener, org.springframework.test.context.support.DependencyInjectionTestExecutionListener, org.springframework.test.context.support.DirtiesContextTestExecutionListener, org.springframework.test.context.transaction.TransactionalTestExecutionListener, org.springframework.test.context.jdbc.SqlScriptsTestExecutionListener]
2023-08-25 12:32:39.663  INFO 18096 --- [    Test worker] .b.t.c.SpringBootTestContextBootstrapper : Using TestExecutionListeners: [org.springframework.test.context.web.ServletTestExecutionListener@75c8a086, org.springframework.test.context.support.DirtiesContextBeforeModesTestExecutionListener@14f0ad58, org.springframework.boot.test.mock.mockito.MockitoTestExecutionListener@41173ca7, org.springframework.boot.test.autoconfigure.SpringBootDependencyInjectionTestExecutionListener@6ba0bd46, org.springframework.test.context.support.DirtiesContextTestExecutionListener@5bdcec24, org.springframework.test.context.transaction.TransactionalTestExecutionListener@4ad7006a, org.springframework.test.context.jdbc.SqlScriptsTestExecutionListener@32ddff93, org.springframework.security.test.context.support.WithSecurityContextTestExecutionListener@5cf92e03, org.springframework.security.test.context.support.ReactorContextTestExecutionListener@60784474, org.springframework.boot.test.autoconfigure.restdocs.RestDocsTestExecutionListener@125edc41, org.springframework.boot.test.autoconfigure.web.client.MockRestServiceServerResetTestExecutionListener@4f2298fe, org.springframework.boot.test.autoconfigure.web.servlet.MockMvcPrintOnlyOnFailureTestExecutionListener@5abe2e2f, org.springframework.boot.test.autoconfigure.web.servlet.WebDriverTestExecutionListener@78c79ae8, org.springframework.boot.test.mock.mockito.ResetMocksTestExecutionListener@1c9ffd65]

  .   ____          _            __ _ _
 /\\ / ___'_ __ _ _(_)_ __  __ _ \ \ \ \
( ( )\___ | '_ | '_| | '_ \/ _` | \ \ \ \
 \\/  ___)| |_)| | | | | || (_| |  ) ) ) )
  '  |____| .__|_| |_|_| |_\__, | / / / /
 =========|_|==============|___/=/_/_/_/
 :: Spring Boot ::        (v2.1.7.RELEASE)

2023-08-25 12:32:39.682  INFO 18096 --- [    Test worker] c.j.b.s.web.IndexControllerTest          : Starting IndexControllerTest on WIN-HTPG37F530M with PID 18096 (started by 82109 in C:\Users\82109\IdeaProjects\startsweb)
2023-08-25 12:32:39.682  INFO 18096 --- [    Test worker] c.j.b.s.web.IndexControllerTest          : No active profile set, falling back to default profiles: default
2023-08-25 12:32:39.886  INFO 18096 --- [    Test worker] .s.d.r.c.RepositoryConfigurationDelegate : Bootstrapping Spring Data repositories in DEFAULT mode.
2023-08-25 12:32:39.906  INFO 18096 --- [    Test worker] .s.d.r.c.RepositoryConfigurationDelegate : Finished Spring Data repository scanning in 19ms. Found 2 repository interfaces.
2023-08-25 12:32:40.010  INFO 18096 --- [    Test worker] trationDelegate$BeanPostProcessorChecker : Bean 'org.springframework.transaction.annotation.ProxyTransactionManagementConfiguration' of type [org.springframework.transaction.annotation.ProxyTransactionManagementConfiguration$$EnhancerBySpringCGLIB$$58467271] is not eligible for getting processed by all BeanPostProcessors (for example: not eligible for auto-proxying)
2023-08-25 12:32:40.247  INFO 18096 --- [    Test worker] o.s.b.w.embedded.tomcat.TomcatWebServer  : Tomcat initialized with port(s): 0 (http)
2023-08-25 12:32:40.275  INFO 18096 --- [    Test worker] o.apache.catalina.core.StandardService   : Starting service [Tomcat]
2023-08-25 12:32:40.275  INFO 18096 --- [    Test worker] org.apache.catalina.core.StandardEngine  : Starting Servlet engine: [Apache Tomcat/9.0.22]
2023-08-25 12:32:40.429  INFO 18096 --- [    Test worker] o.a.c.c.C.[Tomcat].[localhost].[/]       : Initializing Spring embedded WebApplicationContext
2023-08-25 12:32:40.429  INFO 18096 --- [    Test worker] o.s.web.context.ContextLoader            : Root WebApplicationContext: initialization completed in 746 ms
2023-08-25 12:32:40.543  INFO 18096 --- [    Test worker] com.zaxxer.hikari.HikariDataSource       : HikariPool-2 - Starting...
2023-08-25 12:32:40.544  INFO 18096 --- [    Test worker] com.zaxxer.hikari.HikariDataSource       : HikariPool-2 - Start completed.
2023-08-25 12:32:40.564  INFO 18096 --- [    Test worker] o.hibernate.jpa.internal.util.LogHelper  : HHH000204: Processing PersistenceUnitInfo [
	name: default
	...]
2023-08-25 12:32:40.572  INFO 18096 --- [    Test worker] org.hibernate.dialect.Dialect            : HHH000400: Using dialect: org.hibernate.dialect.MySQL5InnoDBDialect
Hibernate: drop table if exists posts
Hibernate: drop table if exists user
Hibernate: create table posts (id bigint not null auto_increment, create_date datetime, modified_date datetime, author varchar(255), content TEXT not null, title varchar(500) not null, primary key (id)) engine=InnoDB
Hibernate: create table user (id bigint not null auto_increment, create_date datetime, modified_date datetime, email varchar(255) not null, name varchar(255) not null, picture varchar(255) not null, role varchar(255) not null, primary key (id)) engine=InnoDB
2023-08-25 12:32:40.620  INFO 18096 --- [    Test worker] o.h.t.schema.internal.SchemaCreatorImpl  : HHH000476: Executing import script 'org.hibernate.tool.schema.internal.exec.ScriptSourceInputNonExistentImpl@4e666a34'
2023-08-25 12:32:40.620  INFO 18096 --- [    Test worker] j.LocalContainerEntityManagerFactoryBean : Initialized JPA EntityManagerFactory for persistence unit 'default'
2023-08-25 12:32:40.811  INFO 18096 --- [    Test worker] o.h.h.i.QueryTranslatorFactoryInitiator  : HHH000397: Using ASTQueryTranslatorFactory
2023-08-25 12:32:40.882  INFO 18096 --- [    Test worker] o.s.s.web.DefaultSecurityFilterChain     : Creating filter chain: any request, [org.springframework.security.web.context.request.async.WebAsyncManagerIntegrationFilter@131a7292, org.springframework.security.web.context.SecurityContextPersistenceFilter@44f83476, org.springframework.security.web.header.HeaderWriterFilter@18422187, org.springframework.security.web.authentication.logout.LogoutFilter@54dc0af6, org.springframework.security.oauth2.client.web.OAuth2AuthorizationRequestRedirectFilter@4448ff41, org.springframework.security.oauth2.client.web.OAuth2LoginAuthenticationFilter@14b9eec2, org.springframework.security.web.authentication.ui.DefaultLoginPageGeneratingFilter@5102cf24, org.springframework.security.web.authentication.ui.DefaultLogoutPageGeneratingFilter@6f320f3f, org.springframework.security.web.savedrequest.RequestCacheAwareFilter@4cfdb44e, org.springframework.security.web.servletapi.SecurityContextHolderAwareRequestFilter@45baea4f, org.springframework.security.web.authentication.AnonymousAuthenticationFilter@6c83476f, org.springframework.security.web.session.SessionManagementFilter@362e9dd, org.springframework.security.web.access.ExceptionTranslationFilter@2ca49522, org.springframework.security.web.access.intercept.FilterSecurityInterceptor@44f1375]
2023-08-25 12:32:40.986  INFO 18096 --- [    Test worker] o.s.s.concurrent.ThreadPoolTaskExecutor  : Initializing ExecutorService 'applicationTaskExecutor'
2023-08-25 12:32:40.997  WARN 18096 --- [    Test worker] aWebConfiguration$JpaWebMvcConfiguration : spring.jpa.open-in-view is enabled by default. Therefore, database queries may be performed during view rendering. Explicitly configure spring.jpa.open-in-view to disable this warning
2023-08-25 12:32:41.019  INFO 18096 --- [    Test worker] o.s.b.a.w.s.WelcomePageHandlerMapping    : Adding welcome page template: index
2023-08-25 12:32:41.225  INFO 18096 --- [    Test worker] s.a.ScheduledAnnotationBeanPostProcessor : No TaskScheduler/ScheduledExecutorService bean found for scheduled processing
2023-08-25 12:32:41.243  INFO 18096 --- [    Test worker] o.s.b.w.embedded.tomcat.TomcatWebServer  : Tomcat started on port(s): 54513 (http) with context path ''
2023-08-25 12:32:41.244  INFO 18096 --- [    Test worker] c.j.b.s.web.IndexControllerTest          : Started IndexControllerTest in 1.58 seconds (JVM running for 8.311)
2023-08-25 12:32:41.308  INFO 18096 --- [o-auto-1-exec-1] o.a.c.c.C.[Tomcat].[localhost].[/]       : Initializing Spring DispatcherServlet 'dispatcherServlet'
2023-08-25 12:32:41.309  INFO 18096 --- [o-auto-1-exec-1] o.s.web.servlet.DispatcherServlet        : Initializing Servlet 'dispatcherServlet'
2023-08-25 12:32:41.318  INFO 18096 --- [o-auto-1-exec-1] o.s.web.servlet.DispatcherServlet        : Completed initialization in 9 ms
Hibernate: select posts0_.id as id1_0_, posts0_.create_date as create_d2_0_, posts0_.modified_date as modified3_0_, posts0_.author as author4_0_, posts0_.content as content5_0_, posts0_.title as title6_0_ from posts posts0_ order by posts0_.id DESC
]]></system-out>
  <system-err><![CDATA[]]></system-err>
</testsuite>
